build/app/intermediates/manifest_merge_blame_file/release/manifest-merger-blame-release-report.txt
1<?xml version="1.0" encoding="utf-8"?>
2<manifest xmlns:android="http://schemas.android.com/apk/res/android"
3    package="com.app.market_vendor"
4    android:versionCode="3"
5    android:versionName="1.0.1" >
6
7    <uses-sdk
8        android:minSdkVersion="20"
8-->src/main/AndroidManifest.xml
9        android:targetSdkVersion="31" />
9-->src/main/AndroidManifest.xml
10
11    <uses-permission android:name="android.permission.FOREGROUND_SERVICE" /> <!-- Create a unique permission for your app and use it so only your app can receive your OneSignal messages. -->
11-->[:geolocator_android] AndroidManifest.xml:7:5-77
11-->[:geolocator_android] AndroidManifest.xml:7:22-74
12    <permission
12-->[com.onesignal:OneSignal:4.8.2] AndroidManifest.xml:7:5-9:47
13        android:name="com.app.market_vendor.permission.C2D_MESSAGE"
13-->[com.onesignal:OneSignal:4.8.2] AndroidManifest.xml:8:9-63
14        android:protectionLevel="signature" />
14-->[com.onesignal:OneSignal:4.8.2] AndroidManifest.xml:9:9-44
15
16    <uses-permission android:name="com.app.market_vendor.permission.C2D_MESSAGE" /> <!-- OneSignal SDK has runtime checks Android version. -->
16-->[com.onesignal:OneSignal:4.8.2] AndroidManifest.xml:11:5-79
16-->[com.onesignal:OneSignal:4.8.2] AndroidManifest.xml:11:22-76
17    <!-- <uses-sdk tools:overrideLibrary="android.support.customtabs"/> -->
18    <!-- Required runtime permission to display notifications on Android 13 -->
19    <uses-permission android:name="android.permission.POST_NOTIFICATIONS" /> <!-- Required so the device can access the internet. -->
19-->[com.onesignal:OneSignal:4.8.2] AndroidManifest.xml:16:5-77
19-->[com.onesignal:OneSignal:4.8.2] AndroidManifest.xml:16:22-74
20    <uses-permission android:name="android.permission.INTERNET" /> <!-- c2dm RECEIVE are basic requirements for push messages through Google's FCM -->
20-->[com.onesignal:OneSignal:4.8.2] AndroidManifest.xml:17:5-67
20-->[com.onesignal:OneSignal:4.8.2] AndroidManifest.xml:17:22-64
21    <uses-permission android:name="com.google.android.c2dm.permission.RECEIVE" /> <!-- Required, makes sure notifications are delivered on time. -->
21-->[com.onesignal:OneSignal:4.8.2] AndroidManifest.xml:18:5-82
21-->[com.onesignal:OneSignal:4.8.2] AndroidManifest.xml:18:22-79
22    <uses-permission android:name="android.permission.WAKE_LOCK" />
22-->[com.onesignal:OneSignal:4.8.2] AndroidManifest.xml:19:5-68
22-->[com.onesignal:OneSignal:4.8.2] AndroidManifest.xml:19:22-65
23    <!--
24 Required so the device vibrates on receiving a push notification.
25         Vibration settings of the device still apply.
26    -->
27    <uses-permission android:name="android.permission.VIBRATE" />
27-->[com.onesignal:OneSignal:4.8.2] AndroidManifest.xml:24:5-66
27-->[com.onesignal:OneSignal:4.8.2] AndroidManifest.xml:24:22-63
28    <uses-permission android:name="android.permission.ACCESS_NETWORK_STATE" />
28-->[com.onesignal:OneSignal:4.8.2] AndroidManifest.xml:25:5-79
28-->[com.onesignal:OneSignal:4.8.2] AndroidManifest.xml:25:22-76
29    <!--
30 Use to restore notifications the user hasn't interacted with.
31         They could be missed notifications if the user reboots their device if this isn't in place.
32    -->
33    <uses-permission android:name="android.permission.RECEIVE_BOOT_COMPLETED" /> <!-- START: ShortcutBadger -->
33-->[com.onesignal:OneSignal:4.8.2] AndroidManifest.xml:30:5-81
33-->[com.onesignal:OneSignal:4.8.2] AndroidManifest.xml:30:22-78
34    <!-- Samsung -->
35    <uses-permission android:name="com.sec.android.provider.badge.permission.READ" />
35-->[com.onesignal:OneSignal:4.8.2] AndroidManifest.xml:32:5-86
35-->[com.onesignal:OneSignal:4.8.2] AndroidManifest.xml:32:22-83
36    <uses-permission android:name="com.sec.android.provider.badge.permission.WRITE" /> <!-- HTC -->
36-->[com.onesignal:OneSignal:4.8.2] AndroidManifest.xml:33:5-87
36-->[com.onesignal:OneSignal:4.8.2] AndroidManifest.xml:33:22-84
37    <uses-permission android:name="com.htc.launcher.permission.READ_SETTINGS" />
37-->[com.onesignal:OneSignal:4.8.2] AndroidManifest.xml:34:5-81
37-->[com.onesignal:OneSignal:4.8.2] AndroidManifest.xml:34:22-78
38    <uses-permission android:name="com.htc.launcher.permission.UPDATE_SHORTCUT" /> <!-- Sony -->
38-->[com.onesignal:OneSignal:4.8.2] AndroidManifest.xml:35:5-83
38-->[com.onesignal:OneSignal:4.8.2] AndroidManifest.xml:35:22-80
39    <uses-permission android:name="com.sonyericsson.home.permission.BROADCAST_BADGE" />
39-->[com.onesignal:OneSignal:4.8.2] AndroidManifest.xml:36:5-88
39-->[com.onesignal:OneSignal:4.8.2] AndroidManifest.xml:36:22-85
40    <uses-permission android:name="com.sonymobile.home.permission.PROVIDER_INSERT_BADGE" /> <!-- Apex -->
40-->[com.onesignal:OneSignal:4.8.2] AndroidManifest.xml:37:5-92
40-->[com.onesignal:OneSignal:4.8.2] AndroidManifest.xml:37:22-89
41    <uses-permission android:name="com.anddoes.launcher.permission.UPDATE_COUNT" /> <!-- Solid -->
41-->[com.onesignal:OneSignal:4.8.2] AndroidManifest.xml:38:5-84
41-->[com.onesignal:OneSignal:4.8.2] AndroidManifest.xml:38:22-81
42    <uses-permission android:name="com.majeur.launcher.permission.UPDATE_BADGE" /> <!-- Huawei -->
42-->[com.onesignal:OneSignal:4.8.2] AndroidManifest.xml:39:5-83
42-->[com.onesignal:OneSignal:4.8.2] AndroidManifest.xml:39:22-80
43    <uses-permission android:name="com.huawei.android.launcher.permission.CHANGE_BADGE" />
43-->[com.onesignal:OneSignal:4.8.2] AndroidManifest.xml:40:5-91
43-->[com.onesignal:OneSignal:4.8.2] AndroidManifest.xml:40:22-88
44    <uses-permission android:name="com.huawei.android.launcher.permission.READ_SETTINGS" />
44-->[com.onesignal:OneSignal:4.8.2] AndroidManifest.xml:41:5-92
44-->[com.onesignal:OneSignal:4.8.2] AndroidManifest.xml:41:22-89
45    <uses-permission android:name="com.huawei.android.launcher.permission.WRITE_SETTINGS" /> <!-- ZUK -->
45-->[com.onesignal:OneSignal:4.8.2] AndroidManifest.xml:42:5-93
45-->[com.onesignal:OneSignal:4.8.2] AndroidManifest.xml:42:22-90
46    <uses-permission android:name="android.permission.READ_APP_BADGE" /> <!-- OPPO -->
46-->[com.onesignal:OneSignal:4.8.2] AndroidManifest.xml:43:5-73
46-->[com.onesignal:OneSignal:4.8.2] AndroidManifest.xml:43:22-70
47    <uses-permission android:name="com.oppo.launcher.permission.READ_SETTINGS" />
47-->[com.onesignal:OneSignal:4.8.2] AndroidManifest.xml:44:5-82
47-->[com.onesignal:OneSignal:4.8.2] AndroidManifest.xml:44:22-79
48    <uses-permission android:name="com.oppo.launcher.permission.WRITE_SETTINGS" /> <!-- EvMe -->
48-->[com.onesignal:OneSignal:4.8.2] AndroidManifest.xml:45:5-83
48-->[com.onesignal:OneSignal:4.8.2] AndroidManifest.xml:45:22-80
49    <uses-permission android:name="me.everything.badger.permission.BADGE_COUNT_READ" />
49-->[com.onesignal:OneSignal:4.8.2] AndroidManifest.xml:46:5-88
49-->[com.onesignal:OneSignal:4.8.2] AndroidManifest.xml:46:22-85
50    <uses-permission android:name="me.everything.badger.permission.BADGE_COUNT_WRITE" />
50-->[com.onesignal:OneSignal:4.8.2] AndroidManifest.xml:47:5-89
50-->[com.onesignal:OneSignal:4.8.2] AndroidManifest.xml:47:22-86
51
52    <uses-feature
52-->[com.google.android.gms:play-services-maps:17.0.0] AndroidManifest.xml:26:5-28:35
53        android:glEsVersion="0x00020000"
53-->[com.google.android.gms:play-services-maps:17.0.0] AndroidManifest.xml:27:9-41
54        android:required="true" />
54-->[com.google.android.gms:play-services-maps:17.0.0] AndroidManifest.xml:28:9-32
55
56    <application
57        android:name="io.flutter.app.FlutterMultiDexApplication"
57-->src/main/AndroidManifest.xml:7:9-42
58        android:allowBackup="true"
58-->src/main/AndroidManifest.xml:8:9-35
59        android:appComponentFactory="androidx.core.app.CoreComponentFactory"
59-->[androidx.core:core:1.6.0] AndroidManifest.xml:24:18-86
60        android:icon="@mipmap/ic_launcher"
60-->src/main/AndroidManifest.xml:10:9-43
61        android:label="market_vendor_app" >
61-->src/main/AndroidManifest.xml:6:9-42
62        <activity
62-->src/main/AndroidManifest.xml:11:9-34:20
63            android:name="com.app.market_vendor.MainActivity"
63-->src/main/AndroidManifest.xml:12:13-41
64            android:configChanges="orientation|keyboardHidden|keyboard|screenSize|smallestScreenSize|locale|layoutDirection|fontScale|screenLayout|density|uiMode"
64-->src/main/AndroidManifest.xml:17:13-163
65            android:exported="true"
65-->src/main/AndroidManifest.xml:14:25-48
66            android:hardwareAccelerated="true"
66-->src/main/AndroidManifest.xml:18:13-47
67            android:launchMode="singleTop"
67-->src/main/AndroidManifest.xml:13:13-43
68            android:theme="@style/LaunchTheme"
68-->src/main/AndroidManifest.xml:16:13-47
69            android:usesCleartextTraffic="true"
69-->src/main/AndroidManifest.xml:15:13-48
70            android:windowSoftInputMode="adjustResize" >
70-->src/main/AndroidManifest.xml:19:13-55
71
72            <!--
73                 Specifies an Android theme to apply to this Activity as soon as
74                 the Android process has started. This theme is visible to the user
75                 while the Flutter UI initializes. After that, this theme continues
76                 to determine the Window background behind the Flutter UI.
77            -->
78            <meta-data
78-->src/main/AndroidManifest.xml:24:12-25:63
79                android:name="io.flutter.network-policy"
79-->src/main/AndroidManifest.xml:24:23-63
80                android:resource="@xml/network_security_config" />
80-->src/main/AndroidManifest.xml:25:14-61
81            <meta-data
81-->src/main/AndroidManifest.xml:26:13-29:17
82                android:name="io.flutter.embedding.android.NormalTheme"
82-->src/main/AndroidManifest.xml:27:15-70
83                android:resource="@style/NormalTheme" />
83-->src/main/AndroidManifest.xml:28:15-52
84
85            <intent-filter>
85-->src/main/AndroidManifest.xml:30:13-33:29
86                <action android:name="android.intent.action.MAIN" />
86-->src/main/AndroidManifest.xml:31:17-68
86-->src/main/AndroidManifest.xml:31:25-66
87
88                <category android:name="android.intent.category.LAUNCHER" />
88-->src/main/AndroidManifest.xml:32:17-76
88-->src/main/AndroidManifest.xml:32:27-74
89            </intent-filter>
90        </activity>
91        <!--
92             Don't delete the meta-data below.
93             This is used by the Flutter tool to generate GeneratedPluginRegistrant.java
94        -->
95        <meta-data
95-->src/main/AndroidManifest.xml:37:9-39:33
96            android:name="flutterEmbedding"
96-->src/main/AndroidManifest.xml:38:13-44
97            android:value="2" />
97-->src/main/AndroidManifest.xml:39:13-30
98
99        <activity
99-->src/main/AndroidManifest.xml:40:13-43:70
100            android:name="com.yalantis.ucrop.UCropActivity"
100-->src/main/AndroidManifest.xml:41:12-59
101            android:screenOrientation="portrait"
101-->src/main/AndroidManifest.xml:42:12-48
102            android:theme="@style/Theme.AppCompat.Light.NoActionBar" />
102-->src/main/AndroidManifest.xml:43:12-68
103
104        <service
104-->[:geolocator_android] AndroidManifest.xml:10:9-14:56
105            android:name="com.baseflow.geolocator.GeolocatorLocationService"
105-->[:geolocator_android] AndroidManifest.xml:11:13-77
106            android:enabled="true"
106-->[:geolocator_android] AndroidManifest.xml:12:13-35
107            android:exported="false"
107-->[:geolocator_android] AndroidManifest.xml:13:13-37
108            android:foregroundServiceType="location" />
108-->[:geolocator_android] AndroidManifest.xml:14:13-53
109
110        <provider
110-->[:image_picker_android] AndroidManifest.xml:8:9-16:20
111            android:name="io.flutter.plugins.imagepicker.ImagePickerFileProvider"
111-->[:image_picker_android] AndroidManifest.xml:9:13-82
112            android:authorities="com.app.market_vendor.flutter.image_provider"
112-->[:image_picker_android] AndroidManifest.xml:10:13-74
113            android:exported="false"
113-->[:image_picker_android] AndroidManifest.xml:11:13-37
114            android:grantUriPermissions="true" >
114-->[:image_picker_android] AndroidManifest.xml:12:13-47
115            <meta-data
115-->[:image_picker_android] AndroidManifest.xml:13:13-15:75
116                android:name="android.support.FILE_PROVIDER_PATHS"
116-->[:image_picker_android] AndroidManifest.xml:14:17-67
117                android:resource="@xml/flutter_image_picker_file_paths" />
117-->[:image_picker_android] AndroidManifest.xml:15:17-72
118        </provider>
119
120        <receiver
120-->[com.onesignal:OneSignal:4.8.2] AndroidManifest.xml:50:9-61:20
121            android:name="com.onesignal.FCMBroadcastReceiver"
121-->[com.onesignal:OneSignal:4.8.2] AndroidManifest.xml:51:13-62
122            android:exported="true"
122-->[com.onesignal:OneSignal:4.8.2] AndroidManifest.xml:52:13-36
123            android:permission="com.google.android.c2dm.permission.SEND" >
123-->[com.onesignal:OneSignal:4.8.2] AndroidManifest.xml:53:13-73
124
125            <!-- High priority so OneSignal payloads can be filtered from other FCM receivers -->
126            <intent-filter android:priority="999" >
126-->[com.onesignal:OneSignal:4.8.2] AndroidManifest.xml:56:13-60:29
126-->[com.onesignal:OneSignal:4.8.2] AndroidManifest.xml:56:28-50
127                <action android:name="com.google.android.c2dm.intent.RECEIVE" />
127-->[com.onesignal:OneSignal:4.8.2] AndroidManifest.xml:57:17-81
127-->[com.onesignal:OneSignal:4.8.2] AndroidManifest.xml:57:25-78
128
129                <category android:name="com.app.market_vendor" />
129-->[com.onesignal:OneSignal:4.8.2] AndroidManifest.xml:59:17-61
129-->[com.onesignal:OneSignal:4.8.2] AndroidManifest.xml:59:27-58
130            </intent-filter>
131        </receiver>
132
133        <service
133-->[com.onesignal:OneSignal:4.8.2] AndroidManifest.xml:63:9-69:19
134            android:name="com.onesignal.HmsMessageServiceOneSignal"
134-->[com.onesignal:OneSignal:4.8.2] AndroidManifest.xml:64:13-68
135            android:exported="false" >
135-->[com.onesignal:OneSignal:4.8.2] AndroidManifest.xml:65:13-37
136            <intent-filter>
136-->[com.onesignal:OneSignal:4.8.2] AndroidManifest.xml:66:13-68:29
137                <action android:name="com.huawei.push.action.MESSAGING_EVENT" />
137-->[com.onesignal:OneSignal:4.8.2] AndroidManifest.xml:67:17-81
137-->[com.onesignal:OneSignal:4.8.2] AndroidManifest.xml:67:25-78
138            </intent-filter>
139        </service>
140
141        <activity
141-->[com.onesignal:OneSignal:4.8.2] AndroidManifest.xml:71:9-79:20
142            android:name="com.onesignal.NotificationOpenedActivityHMS"
142-->[com.onesignal:OneSignal:4.8.2] AndroidManifest.xml:72:13-71
143            android:exported="true"
143-->[com.onesignal:OneSignal:4.8.2] AndroidManifest.xml:73:13-36
144            android:noHistory="true"
144-->[com.onesignal:OneSignal:4.8.2] AndroidManifest.xml:74:13-37
145            android:theme="@android:style/Theme.Translucent.NoTitleBar" >
145-->[com.onesignal:OneSignal:4.8.2] AndroidManifest.xml:75:13-72
146            <intent-filter>
146-->[com.onesignal:OneSignal:4.8.2] AndroidManifest.xml:76:13-78:29
147                <action android:name="android.intent.action.VIEW" />
147-->[com.onesignal:OneSignal:4.8.2] AndroidManifest.xml:77:17-69
147-->[com.onesignal:OneSignal:4.8.2] AndroidManifest.xml:77:25-66
148            </intent-filter>
149        </activity>
150
151        <service
151-->[com.onesignal:OneSignal:4.8.2] AndroidManifest.xml:81:9-83:40
152            android:name="com.onesignal.FCMIntentService"
152-->[com.onesignal:OneSignal:4.8.2] AndroidManifest.xml:82:13-58
153            android:exported="false" />
153-->[com.onesignal:OneSignal:4.8.2] AndroidManifest.xml:83:13-37
154        <service
154-->[com.onesignal:OneSignal:4.8.2] AndroidManifest.xml:84:9-87:72
155            android:name="com.onesignal.FCMIntentJobService"
155-->[com.onesignal:OneSignal:4.8.2] AndroidManifest.xml:85:13-61
156            android:exported="false"
156-->[com.onesignal:OneSignal:4.8.2] AndroidManifest.xml:86:13-37
157            android:permission="android.permission.BIND_JOB_SERVICE" />
157-->[com.onesignal:OneSignal:4.8.2] AndroidManifest.xml:87:13-69
158        <service
158-->[com.onesignal:OneSignal:4.8.2] AndroidManifest.xml:88:9-91:43
159            android:name="com.onesignal.SyncService"
159-->[com.onesignal:OneSignal:4.8.2] AndroidManifest.xml:89:13-53
160            android:exported="false"
160-->[com.onesignal:OneSignal:4.8.2] AndroidManifest.xml:90:13-37
161            android:stopWithTask="true" />
161-->[com.onesignal:OneSignal:4.8.2] AndroidManifest.xml:91:13-40
162        <service
162-->[com.onesignal:OneSignal:4.8.2] AndroidManifest.xml:92:9-95:72
163            android:name="com.onesignal.SyncJobService"
163-->[com.onesignal:OneSignal:4.8.2] AndroidManifest.xml:93:13-56
164            android:exported="false"
164-->[com.onesignal:OneSignal:4.8.2] AndroidManifest.xml:94:13-37
165            android:permission="android.permission.BIND_JOB_SERVICE" />
165-->[com.onesignal:OneSignal:4.8.2] AndroidManifest.xml:95:13-69
166
167        <activity
167-->[com.onesignal:OneSignal:4.8.2] AndroidManifest.xml:97:9-100:75
168            android:name="com.onesignal.PermissionsActivity"
168-->[com.onesignal:OneSignal:4.8.2] AndroidManifest.xml:98:13-61
169            android:exported="false"
169-->[com.onesignal:OneSignal:4.8.2] AndroidManifest.xml:99:13-37
170            android:theme="@android:style/Theme.Translucent.NoTitleBar" />
170-->[com.onesignal:OneSignal:4.8.2] AndroidManifest.xml:100:13-72
171
172        <receiver
172-->[com.onesignal:OneSignal:4.8.2] AndroidManifest.xml:102:9-104:39
173            android:name="com.onesignal.NotificationDismissReceiver"
173-->[com.onesignal:OneSignal:4.8.2] AndroidManifest.xml:103:13-69
174            android:exported="true" />
174-->[com.onesignal:OneSignal:4.8.2] AndroidManifest.xml:104:13-36
175        <receiver
175-->[com.onesignal:OneSignal:4.8.2] AndroidManifest.xml:105:9-112:20
176            android:name="com.onesignal.BootUpReceiver"
176-->[com.onesignal:OneSignal:4.8.2] AndroidManifest.xml:106:13-56
177            android:exported="true" >
177-->[com.onesignal:OneSignal:4.8.2] AndroidManifest.xml:107:13-36
178            <intent-filter>
178-->[com.onesignal:OneSignal:4.8.2] AndroidManifest.xml:108:13-111:29
179                <action android:name="android.intent.action.BOOT_COMPLETED" />
179-->[com.onesignal:OneSignal:4.8.2] AndroidManifest.xml:109:17-79
179-->[com.onesignal:OneSignal:4.8.2] AndroidManifest.xml:109:25-76
180                <action android:name="android.intent.action.QUICKBOOT_POWERON" />
180-->[com.onesignal:OneSignal:4.8.2] AndroidManifest.xml:110:17-82
180-->[com.onesignal:OneSignal:4.8.2] AndroidManifest.xml:110:25-79
181            </intent-filter>
182        </receiver>
183        <receiver
183-->[com.onesignal:OneSignal:4.8.2] AndroidManifest.xml:113:9-119:20
184            android:name="com.onesignal.UpgradeReceiver"
184-->[com.onesignal:OneSignal:4.8.2] AndroidManifest.xml:114:13-57
185            android:exported="true" >
185-->[com.onesignal:OneSignal:4.8.2] AndroidManifest.xml:115:13-36
186            <intent-filter>
186-->[com.onesignal:OneSignal:4.8.2] AndroidManifest.xml:116:13-118:29
187                <action android:name="android.intent.action.MY_PACKAGE_REPLACED" />
187-->[com.onesignal:OneSignal:4.8.2] AndroidManifest.xml:117:17-84
187-->[com.onesignal:OneSignal:4.8.2] AndroidManifest.xml:117:25-81
188            </intent-filter>
189        </receiver>
190
191        <activity
191-->[com.onesignal:OneSignal:4.8.2] AndroidManifest.xml:121:9-127:75
192            android:name="com.onesignal.NotificationOpenedReceiver"
192-->[com.onesignal:OneSignal:4.8.2] AndroidManifest.xml:122:13-68
193            android:excludeFromRecents="true"
193-->[com.onesignal:OneSignal:4.8.2] AndroidManifest.xml:123:13-46
194            android:exported="true"
194-->[com.onesignal:OneSignal:4.8.2] AndroidManifest.xml:124:13-36
195            android:noHistory="true"
195-->[com.onesignal:OneSignal:4.8.2] AndroidManifest.xml:125:13-37
196            android:taskAffinity=""
196-->[com.onesignal:OneSignal:4.8.2] AndroidManifest.xml:126:13-36
197            android:theme="@android:style/Theme.Translucent.NoTitleBar" />
197-->[com.onesignal:OneSignal:4.8.2] AndroidManifest.xml:127:13-72
198        <activity
198-->[com.onesignal:OneSignal:4.8.2] AndroidManifest.xml:128:9-133:75
199            android:name="com.onesignal.NotificationOpenedReceiverAndroid22AndOlder"
199-->[com.onesignal:OneSignal:4.8.2] AndroidManifest.xml:129:13-85
200            android:excludeFromRecents="true"
200-->[com.onesignal:OneSignal:4.8.2] AndroidManifest.xml:130:13-46
201            android:exported="true"
201-->[com.onesignal:OneSignal:4.8.2] AndroidManifest.xml:131:13-36
202            android:noHistory="true"
202-->[com.onesignal:OneSignal:4.8.2] AndroidManifest.xml:132:13-37
203            android:theme="@android:style/Theme.Translucent.NoTitleBar" />
203-->[com.onesignal:OneSignal:4.8.2] AndroidManifest.xml:133:13-72
204
205        <uses-library
205-->[androidx.window:window:1.0.0-beta04] AndroidManifest.xml:25:9-27:40
206            android:name="androidx.window.extensions"
206-->[androidx.window:window:1.0.0-beta04] AndroidManifest.xml:26:13-54
207            android:required="false" />
207-->[androidx.window:window:1.0.0-beta04] AndroidManifest.xml:27:13-37
208        <uses-library
208-->[androidx.window:window:1.0.0-beta04] AndroidManifest.xml:28:9-30:40
209            android:name="androidx.window.sidecar"
209-->[androidx.window:window:1.0.0-beta04] AndroidManifest.xml:29:13-51
210            android:required="false" />
210-->[androidx.window:window:1.0.0-beta04] AndroidManifest.xml:30:13-37
211
212        <receiver
212-->[com.google.firebase:firebase-messaging:23.0.6] AndroidManifest.xml:32:9-39:20
213            android:name="com.google.firebase.iid.FirebaseInstanceIdReceiver"
213-->[com.google.firebase:firebase-messaging:23.0.6] AndroidManifest.xml:33:13-78
214            android:exported="true"
214-->[com.google.firebase:firebase-messaging:23.0.6] AndroidManifest.xml:34:13-36
215            android:permission="com.google.android.c2dm.permission.SEND" >
215-->[com.google.firebase:firebase-messaging:23.0.6] AndroidManifest.xml:35:13-73
216            <intent-filter>
216-->[com.google.firebase:firebase-messaging:23.0.6] AndroidManifest.xml:36:13-38:29
217                <action android:name="com.google.android.c2dm.intent.RECEIVE" />
217-->[com.onesignal:OneSignal:4.8.2] AndroidManifest.xml:57:17-81
217-->[com.onesignal:OneSignal:4.8.2] AndroidManifest.xml:57:25-78
218            </intent-filter>
219        </receiver>
220        <!--
221             FirebaseMessagingService performs security checks at runtime,
222             but set to not exported to explicitly avoid allowing another app to call it.
223        -->
224        <service
224-->[com.google.firebase:firebase-messaging:23.0.6] AndroidManifest.xml:45:9-52:19
225            android:name="com.google.firebase.messaging.FirebaseMessagingService"
225-->[com.google.firebase:firebase-messaging:23.0.6] AndroidManifest.xml:46:13-82
226            android:directBootAware="true"
226-->[com.google.firebase:firebase-messaging:23.0.6] AndroidManifest.xml:47:13-43
227            android:exported="false" >
227-->[com.google.firebase:firebase-messaging:23.0.6] AndroidManifest.xml:48:13-37
228            <intent-filter android:priority="-500" >
228-->[com.google.firebase:firebase-messaging:23.0.6] AndroidManifest.xml:49:13-51:29
228-->[com.google.firebase:firebase-messaging:23.0.6] AndroidManifest.xml:49:28-51
229                <action android:name="com.google.firebase.MESSAGING_EVENT" />
229-->[com.google.firebase:firebase-messaging:23.0.6] AndroidManifest.xml:50:17-78
229-->[com.google.firebase:firebase-messaging:23.0.6] AndroidManifest.xml:50:25-75
230            </intent-filter>
231        </service>
232        <service
232-->[com.google.firebase:firebase-messaging:23.0.6] AndroidManifest.xml:53:9-59:19
233            android:name="com.google.firebase.components.ComponentDiscoveryService"
233-->[com.google.firebase:firebase-messaging:23.0.6] AndroidManifest.xml:54:13-84
234            android:directBootAware="true"
234-->[com.google.firebase:firebase-common:20.1.1] AndroidManifest.xml:35:13-43
235            android:exported="false" >
235-->[com.google.firebase:firebase-messaging:23.0.6] AndroidManifest.xml:55:13-37
236            <meta-data
236-->[com.google.firebase:firebase-messaging:23.0.6] AndroidManifest.xml:56:13-58:85
237                android:name="com.google.firebase.components:com.google.firebase.messaging.FirebaseMessagingRegistrar"
237-->[com.google.firebase:firebase-messaging:23.0.6] AndroidManifest.xml:57:17-119
238                android:value="com.google.firebase.components.ComponentRegistrar" />
238-->[com.google.firebase:firebase-messaging:23.0.6] AndroidManifest.xml:58:17-82
239            <meta-data
239-->[com.google.firebase:firebase-datatransport:18.1.5] AndroidManifest.xml:28:13-30:85
240                android:name="com.google.firebase.components:com.google.firebase.datatransport.TransportRegistrar"
240-->[com.google.firebase:firebase-datatransport:18.1.5] AndroidManifest.xml:29:17-115
241                android:value="com.google.firebase.components.ComponentRegistrar" />
241-->[com.google.firebase:firebase-datatransport:18.1.5] AndroidManifest.xml:30:17-82
242            <meta-data
242-->[com.google.firebase:firebase-installations:17.0.1] AndroidManifest.xml:18:13-20:85
243                android:name="com.google.firebase.components:com.google.firebase.installations.FirebaseInstallationsRegistrar"
243-->[com.google.firebase:firebase-installations:17.0.1] AndroidManifest.xml:19:17-127
244                android:value="com.google.firebase.components.ComponentRegistrar" />
244-->[com.google.firebase:firebase-installations:17.0.1] AndroidManifest.xml:20:17-82
245        </service>
246        <service
246-->[com.google.android.datatransport:transport-backend-cct:3.1.6] AndroidManifest.xml:29:9-35:19
247            android:name="com.google.android.datatransport.runtime.backends.TransportBackendDiscovery"
247-->[com.google.android.datatransport:transport-backend-cct:3.1.6] AndroidManifest.xml:30:13-103
248            android:exported="false" >
248-->[com.google.android.datatransport:transport-backend-cct:3.1.6] AndroidManifest.xml:31:13-37
249            <meta-data
249-->[com.google.android.datatransport:transport-backend-cct:3.1.6] AndroidManifest.xml:32:13-34:39
250                android:name="backend:com.google.android.datatransport.cct.CctBackendFactory"
250-->[com.google.android.datatransport:transport-backend-cct:3.1.6] AndroidManifest.xml:33:17-94
251                android:value="cct" />
251-->[com.google.android.datatransport:transport-backend-cct:3.1.6] AndroidManifest.xml:34:17-36
252        </service>
253        <service
253-->[com.google.android.datatransport:transport-runtime:3.1.6] AndroidManifest.xml:26:9-30:19
254            android:name="com.google.android.datatransport.runtime.scheduling.jobscheduling.JobInfoSchedulerService"
254-->[com.google.android.datatransport:transport-runtime:3.1.6] AndroidManifest.xml:27:13-117
255            android:exported="false"
255-->[com.google.android.datatransport:transport-runtime:3.1.6] AndroidManifest.xml:28:13-37
256            android:permission="android.permission.BIND_JOB_SERVICE" >
256-->[com.google.android.datatransport:transport-runtime:3.1.6] AndroidManifest.xml:29:13-69
257        </service>
258
259        <receiver
259-->[com.google.android.datatransport:transport-runtime:3.1.6] AndroidManifest.xml:32:9-34:40
260            android:name="com.google.android.datatransport.runtime.scheduling.jobscheduling.AlarmManagerSchedulerBroadcastReceiver"
260-->[com.google.android.datatransport:transport-runtime:3.1.6] AndroidManifest.xml:33:13-132
261            android:exported="false" />
261-->[com.google.android.datatransport:transport-runtime:3.1.6] AndroidManifest.xml:34:13-37
262
263        <provider
263-->[com.google.firebase:firebase-common:20.1.1] AndroidManifest.xml:26:9-31:39
264            android:name="com.google.firebase.provider.FirebaseInitProvider"
264-->[com.google.firebase:firebase-common:20.1.1] AndroidManifest.xml:27:13-77
265            android:authorities="com.app.market_vendor.firebaseinitprovider"
265-->[com.google.firebase:firebase-common:20.1.1] AndroidManifest.xml:28:13-72
266            android:directBootAware="true"
266-->[com.google.firebase:firebase-common:20.1.1] AndroidManifest.xml:29:13-43
267            android:exported="false"
267-->[com.google.firebase:firebase-common:20.1.1] AndroidManifest.xml:30:13-37
268            android:initOrder="100" />
268-->[com.google.firebase:firebase-common:20.1.1] AndroidManifest.xml:31:13-36
269        <provider
269-->[androidx.work:work-runtime:2.7.1] AndroidManifest.xml:31:9-39:20
270            android:name="androidx.startup.InitializationProvider"
270-->[androidx.work:work-runtime:2.7.1] AndroidManifest.xml:32:13-67
271            android:authorities="com.app.market_vendor.androidx-startup"
271-->[androidx.work:work-runtime:2.7.1] AndroidManifest.xml:33:13-68
272            android:exported="false" >
272-->[androidx.work:work-runtime:2.7.1] AndroidManifest.xml:34:13-37
273            <meta-data
273-->[androidx.work:work-runtime:2.7.1] AndroidManifest.xml:36:13-38:52
274                android:name="androidx.work.WorkManagerInitializer"
274-->[androidx.work:work-runtime:2.7.1] AndroidManifest.xml:37:17-68
275                android:value="androidx.startup" />
275-->[androidx.work:work-runtime:2.7.1] AndroidManifest.xml:38:17-49
276        </provider>
277
278        <service